TN:
SF:src\capitalize.js
FN:2,_interopRequireDefault
FN:17,capitalize
FNF:2
FNH:2
FNDA:2,_interopRequireDefault
FNDA:3,capitalize
DA:1,1
DA:2,2
DA:17,3
LF:3
LH:3
BRDA:2,0,0,4
BRDA:2,0,1,2
BRF:2
BRH:2
end_of_record
TN:
SF:src\chunk.js
FN:2,_interopRequireDefault
FN:22,chunk
FNF:2
FNH:2
FNDA:2,_interopRequireDefault
FNDA:5,chunk
DA:1,1
DA:2,2
DA:22,5
DA:23,5
DA:24,5
DA:25,5
DA:26,3
DA:28,2
DA:29,2
DA:30,2
DA:32,2
DA:33,4
DA:35,2
DA:36,1
LF:14
LH:14
BRDA:2,0,0,4
BRDA:2,0,1,2
BRDA:22,1,0,5
BRDA:22,1,1,0
BRDA:22,2,0,5
BRDA:22,2,1,5
BRDA:24,3,0,0
BRDA:24,3,1,5
BRDA:25,4,0,3
BRDA:25,5,0,5
BRDA:25,5,1,4
BRF:11
BRH:9
end_of_record
TN:
SF:src\isObject.js
FN:24,isObject
FNF:1
FNH:1
FNDA:7,isObject
DA:25,7
DA:26,7
DA:27,1
LF:3
LH:3
BRDA:26,0,0,7
BRDA:26,0,1,6
BRDA:26,0,2,3
BRF:3
BRH:3
end_of_record
TN:
SF:src\isSymbol.js
FN:1,_interopRequireDefault
FN:18,isSymbol
FNF:2
FNH:1
FNDA:1,_interopRequireDefault
FNDA:0,isSymbol
DA:1,1
DA:19,0
DA:20,0
DA:21,1
LF:4
LH:2
BRDA:1,0,0,2
BRDA:1,0,1,1
BRDA:1,1,0,0
BRDA:1,1,1,0
BRDA:1,1,2,0
BRDA:1,1,3,0
BRDA:20,2,0,0
BRDA:20,2,1,0
BRDA:20,2,2,0
BRDA:20,2,3,0
BRF:10
BRH:2
end_of_record
TN:
SF:src\slice.js
FN:21,slice
FNF:1
FNH:1
FNDA:13,slice
DA:22,13
DA:23,13
DA:24,1
DA:26,12
DA:27,12
DA:29,12
DA:30,1
DA:32,12
DA:33,1
DA:35,12
DA:36,12
DA:38,12
DA:39,12
DA:40,12
DA:41,37
DA:43,12
DA:44,1
LF:17
LH:17
BRDA:22,0,0,0
BRDA:22,0,1,13
BRDA:23,1,0,1
BRDA:26,2,0,1
BRDA:26,2,1,11
BRDA:27,3,0,4
BRDA:27,3,1,8
BRDA:29,4,0,1
BRDA:30,5,0,0
BRDA:30,5,1,1
BRDA:32,6,0,1
BRDA:35,7,0,2
BRDA:35,7,1,10
BRF:13
BRH:11
end_of_record
TN:
SF:src\toFinite.js
FN:1,_interopRequireDefault
FN:28,toFinite
FNF:2
FNH:2
FNDA:1,_interopRequireDefault
FNDA:5,toFinite
DA:1,1
DA:4,1
DA:5,1
DA:29,5
DA:30,1
DA:32,4
DA:33,4
DA:34,0
DA:35,0
DA:37,4
DA:38,1
LF:11
LH:9
BRDA:1,0,0,2
BRDA:1,0,1,1
BRDA:29,1,0,1
BRDA:30,2,0,1
BRDA:30,2,1,0
BRDA:33,3,0,0
BRDA:33,4,0,4
BRDA:33,4,1,4
BRDA:34,5,0,0
BRDA:34,5,1,0
BRDA:37,6,0,4
BRDA:37,6,1,0
BRF:12
BRH:7
end_of_record
TN:
SF:src\toInteger.js
FN:1,_interopRequireDefault
FN:28,toInteger
FNF:2
FNH:2
FNDA:1,_interopRequireDefault
FNDA:5,toInteger
DA:1,1
DA:29,5
DA:30,5
DA:32,5
DA:33,1
LF:5
LH:5
BRDA:1,0,0,2
BRDA:1,0,1,1
BRDA:32,1,0,0
BRDA:32,1,1,5
BRF:4
BRH:3
end_of_record
TN:
SF:src\toNumber.js
FN:2,_interopRequireDefault
FN:44,toNumber
FNF:2
FNH:2
FNDA:2,_interopRequireDefault
FNDA:4,toNumber
DA:1,1
DA:2,2
DA:5,1
DA:8,1
DA:11,1
DA:14,1
DA:17,1
DA:20,1
DA:45,4
DA:46,4
DA:48,0
DA:49,0
DA:51,0
DA:52,0
DA:53,0
DA:55,0
DA:56,0
DA:58,0
DA:59,0
DA:60,0
DA:63,1
LF:21
LH:11
BRDA:2,0,0,4
BRDA:2,0,1,2
BRDA:45,1,0,4
BRDA:48,2,0,0
BRDA:51,3,0,0
BRDA:52,4,0,0
BRDA:52,4,1,0
BRDA:53,5,0,0
BRDA:53,5,1,0
BRDA:55,6,0,0
BRDA:56,7,0,0
BRDA:56,7,1,0
BRDA:60,8,0,0
BRDA:60,8,1,0
BRDA:60,9,0,0
BRDA:60,9,1,0
BRDA:61,10,0,0
BRDA:61,10,1,0
BRDA:62,11,0,0
BRDA:62,11,1,0
BRF:20
BRH:3
end_of_record
TN:
SF:src\toString.js
FN:1,_interopRequireDefault
FN:25,toString
FN:33,(anonymous_2)
FNF:3
FNH:2
FNDA:1,_interopRequireDefault
FNDA:3,toString
FNDA:0,(anonymous_2)
DA:1,1
DA:4,1
DA:28,3
DA:29,3
DA:31,0
DA:33,0
DA:35,0
DA:36,0
DA:38,0
DA:39,0
DA:40,1
LF:11
LH:5
BRDA:1,0,0,2
BRDA:1,0,1,1
BRDA:28,1,0,3
BRDA:31,2,0,0
BRDA:33,3,0,0
BRDA:33,3,1,0
BRDA:35,4,0,0
BRDA:39,5,0,0
BRDA:39,5,1,0
BRDA:39,6,0,0
BRDA:39,6,1,0
BRF:11
BRH:3
end_of_record
TN:
SF:src\upperFirst.js
FN:1,_interopRequireDefault
FNF:1
FNH:1
FNDA:1,_interopRequireDefault
DA:1,1
DA:19,1
LF:2
LH:2
BRDA:1,0,0,2
BRDA:1,0,1,1
BRF:2
BRH:2
end_of_record
TN:
SF:test\capitalize.test.js
FN:2,_interopRequireDefault
FN:4,(anonymous_1)
FN:5,(anonymous_2)
FN:9,(anonymous_3)
FN:13,(anonymous_4)
FNF:5
FNH:5
FNDA:1,_interopRequireDefault
FNDA:1,(anonymous_1)
FNDA:1,(anonymous_2)
FNDA:1,(anonymous_3)
FNDA:1,(anonymous_4)
DA:1,1
DA:2,1
DA:4,1
DA:5,1
DA:6,1
DA:9,1
DA:10,1
DA:13,1
DA:14,1
LF:9
LH:9
BRDA:2,0,0,2
BRDA:2,0,1,1
BRF:2
BRH:2
end_of_record
TN:
SF:test\chunk.test.js
FN:2,_interopRequireDefault
FN:4,(anonymous_1)
FN:7,(anonymous_2)
FN:11,(anonymous_3)
FN:15,(anonymous_4)
FN:20,(anonymous_5)
FNF:6
FNH:6
FNDA:1,_interopRequireDefault
FNDA:1,(anonymous_1)
FNDA:1,(anonymous_2)
FNDA:1,(anonymous_3)
FNDA:1,(anonymous_4)
FNDA:1,(anonymous_5)
DA:1,1
DA:2,1
DA:4,1
DA:5,1
DA:7,1
DA:8,1
DA:11,1
DA:12,1
DA:15,1
DA:16,1
DA:17,1
DA:20,1
DA:21,1
LF:13
LH:13
BRDA:2,0,0,2
BRDA:2,0,1,1
BRF:2
BRH:2
end_of_record
TN:
SF:test\isObjest.test.js
FN:2,_interopRequireDefault
FN:4,(anonymous_1)
FN:5,(anonymous_2)
FN:10,(anonymous_3)
FN:14,(anonymous_4)
FN:18,(anonymous_5)
FNF:6
FNH:6
FNDA:1,_interopRequireDefault
FNDA:1,(anonymous_1)
FNDA:1,(anonymous_2)
FNDA:1,(anonymous_3)
FNDA:1,(anonymous_4)
FNDA:1,(anonymous_5)
DA:1,1
DA:2,1
DA:4,1
DA:5,1
DA:6,1
DA:7,1
DA:10,1
DA:11,1
DA:14,1
DA:15,1
DA:18,1
DA:19,1
DA:20,1
DA:21,1
LF:14
LH:14
BRDA:2,0,0,2
BRDA:2,0,1,1
BRF:2
BRH:2
end_of_record
TN:
SF:test\slice.test.js
FN:2,_interopRequireDefault
FN:4,(anonymous_1)
FN:7,(anonymous_2)
FN:11,(anonymous_3)
FN:15,(anonymous_4)
FN:19,(anonymous_5)
FN:23,(anonymous_6)
FN:27,(anonymous_7)
FN:31,(anonymous_8)
FN:35,(anonymous_9)
FN:39,(anonymous_10)
FN:40,(anonymous_11)
FNF:12
FNH:12
FNDA:1,_interopRequireDefault
FNDA:1,(anonymous_1)
FNDA:1,(anonymous_2)
FNDA:1,(anonymous_3)
FNDA:1,(anonymous_4)
FNDA:1,(anonymous_5)
FNDA:1,(anonymous_6)
FNDA:1,(anonymous_7)
FNDA:1,(anonymous_8)
FNDA:1,(anonymous_9)
FNDA:1,(anonymous_10)
FNDA:9,(anonymous_11)
DA:1,1
DA:2,1
DA:4,1
DA:5,1
DA:7,1
DA:8,1
DA:11,1
DA:12,1
DA:15,1
DA:16,1
DA:19,1
DA:20,1
DA:23,1
DA:24,1
DA:27,1
DA:28,1
DA:31,1
DA:32,1
DA:35,1
DA:36,1
DA:39,1
DA:40,9
DA:41,1
LF:23
LH:23
BRDA:2,0,0,2
BRDA:2,0,1,1
BRF:2
BRH:2
end_of_record
TN:
SF:test\upperFirst.test.js
FN:2,_interopRequireDefault
FN:4,(anonymous_1)
FN:5,(anonymous_2)
FN:9,(anonymous_3)
FN:13,(anonymous_4)
FN:17,(anonymous_5)
FN:21,(anonymous_6)
FNF:7
FNH:7
FNDA:1,_interopRequireDefault
FNDA:1,(anonymous_1)
FNDA:1,(anonymous_2)
FNDA:1,(anonymous_3)
FNDA:1,(anonymous_4)
FNDA:1,(anonymous_5)
FNDA:1,(anonymous_6)
DA:1,1
DA:2,1
DA:4,1
DA:5,1
DA:6,1
DA:9,1
DA:10,1
DA:13,1
DA:14,1
DA:17,1
DA:18,1
DA:21,1
DA:22,1
LF:13
LH:13
BRDA:2,0,0,2
BRDA:2,0,1,1
BRF:2
BRH:2
end_of_record
